<?xml version="1.0" encoding="UTF-8"?>
<!-- Generated by org.testng.reporters.JUnitReportReporter -->
<testsuite hostname="CYBERWORLD-PC" name="firstSelenium.AnnoTaionS" tests="2" failures="0" timestamp="28 Mar 2020 07:08:11 GMT" time="0.014" errors="0">
  <testcase name="Test2" time="0.002" classname="firstSelenium.AnnoTaionS"/>
  <testcase name="Test1" time="0.012" classname="firstSelenium.AnnoTaionS"/>
</testsuite> <!-- firstSelenium.AnnoTaionS -->
