<?xml version="1.0" encoding="UTF-8"?>
<!-- Generated by org.testng.reporters.JUnitReportReporter -->
<testsuite hostname="CYBERWORLD-PC" name="firstSelenium.AssertBasic" tests="1" failures="0" timestamp="28 Mar 2020 07:04:15 GMT" time="0.029" errors="0">
  <testcase name="assertTest" time="0.029" classname="firstSelenium.AssertBasic"/>
</testsuite> <!-- firstSelenium.AssertBasic -->
