<?xml version="1.0" encoding="UTF-8"?>
<!-- Generated by org.testng.reporters.JUnitReportReporter -->
<testsuite hostname="CYBERWORLD-PC" name="firstSelenium.PhoneGroup" tests="4" failures="0" timestamp="30 Mar 2020 06:47:21 GMT" time="2.016" errors="0">
  <testcase name="vivoF1" time="2.001" classname="firstSelenium.PhoneGroup"/>
  <testcase name="oppoC3" time="0.013" classname="firstSelenium.PhoneGroup"/>
  <testcase name="vivoE3" time="0.001" classname="firstSelenium.PhoneGroup"/>
  <testcase name="oppoM" time="0.001" classname="firstSelenium.PhoneGroup"/>
</testsuite> <!-- firstSelenium.PhoneGroup -->
