<?xml version="1.0" encoding="UTF-8"?>
<!-- Generated by org.testng.reporters.JUnitReportReporter -->
<testsuite hostname="CYBERWORLD-PC" name="firstSelenium.Invoc" tests="5" failures="0" timestamp="30 Mar 2020 04:32:42 GMT" time="0.025" errors="0">
  <testcase name="loopEx" time="0.001" classname="firstSelenium.Invoc"/>
  <testcase name="loopEx" time="0.000" classname="firstSelenium.Invoc"/>
  <testcase name="loopEx" time="0.001" classname="firstSelenium.Invoc"/>
  <testcase name="loopEx" time="0.022" classname="firstSelenium.Invoc"/>
  <testcase name="loopEx" time="0.001" classname="firstSelenium.Invoc"/>
</testsuite> <!-- firstSelenium.Invoc -->
