<?xml version="1.0" encoding="UTF-8"?>
<!-- Generated by org.testng.reporters.JUnitReportReporter -->
<testsuite hostname="CYBERWORLD-PC" name="firstSelenium.DriveACar" tests="3" failures="0" timestamp="30 Mar 2020 09:59:43 GMT" time="0.462" errors="0">
  <testcase name="gear1" time="0.001" classname="firstSelenium.DriveACar"/>
  <testcase name="start" time="0.002" classname="firstSelenium.DriveACar"/>
  <testcase name="gear3" time="0.459" classname="firstSelenium.DriveACar"/>
</testsuite> <!-- firstSelenium.DriveACar -->
