<?xml version="1.0" encoding="UTF-8"?>
<!-- Generated by org.testng.reporters.JUnitReportReporter -->
<testsuite hostname="CYBERWORLD-PC" name="firstSelenium.Paramet" tests="1" failures="0" timestamp="27 Mar 2020 06:16:45 GMT" time="0.015" errors="0">
  <testcase name="selectCar" time="0.015" classname="firstSelenium.Paramet"/>
</testsuite> <!-- firstSelenium.Paramet -->
