<?xml version="1.0" encoding="UTF-8"?>
<!-- Generated by org.testng.reporters.JUnitReportReporter -->
<testsuite hostname="CYBERWORLD-PC" name="firstSelenium.Assert" tests="1" failures="0" timestamp="28 Mar 2020 05:36:42 GMT" time="0.015" errors="0">
  <testcase name="assertTest" time="0.015" classname="firstSelenium.Assert"/>
</testsuite> <!-- firstSelenium.Assert -->
