<?xml version="1.0" encoding="UTF-8"?>
<!-- Generated by org.testng.reporters.JUnitReportReporter -->
<testsuite hostname="CYBERWORLD-PC" name="firstSelenium.JavaTest" tests="4" failures="0" timestamp="26 Mar 2020 11:52:08 GMT" time="0.029" errors="0">
  <testcase name="vivoF1" time="0.001" classname="firstSelenium.JavaTest"/>
  <testcase name="oppoC3" time="0.024" classname="firstSelenium.JavaTest"/>
  <testcase name="vivoE3" time="0.002" classname="firstSelenium.JavaTest"/>
  <testcase name="oppoM" time="0.002" classname="firstSelenium.JavaTest"/>
</testsuite> <!-- firstSelenium.JavaTest -->
