<?xml version="1.0" encoding="UTF-8"?>
<!-- Generated by org.testng.reporters.JUnitReportReporter -->
<testsuite skipped="0" hostname="LAPTOP-C4N89U9U" name="leave.Leavereports" tests="1" failures="0" timestamp="2020-05-10T22:55:12 IST" time="3.329" errors="0">
  <testcase name="leaveRep" time="3.329" classname="leave.Leavereports"/>
</testsuite> <!-- leave.Leavereports -->
