<?xml version="1.0" encoding="UTF-8"?>
<!-- Generated by org.testng.reporters.JUnitReportReporter -->
<testsuite skipped="0" hostname="LAPTOP-C4N89U9U" name="login.Login" tests="1" failures="0" timestamp="2020-05-10T22:55:12 IST" time="22.938" errors="0">
  <testcase name="login" time="22.938" classname="login.Login"/>
</testsuite> <!-- login.Login -->
