<?xml version="1.0" encoding="UTF-8"?>
<!-- Generated by org.testng.reporters.JUnitReportReporter -->
<testsuite skipped="0" hostname="LAPTOP-C4N89U9U" name="admin.Qualification" tests="1" failures="0" timestamp="2020-05-10T22:55:12 IST" time="4.284" errors="0">
  <testcase name="qualIcons" time="4.284" classname="admin.Qualification"/>
</testsuite> <!-- admin.Qualification -->
