<?xml version="1.0" encoding="UTF-8"?>
<!-- Generated by org.testng.reporters.JUnitReportReporter -->
<testsuite hostname="CYBERWORLD-PC" name="testCases.LoginPage" tests="1" failures="0" timestamp="7 Apr 2020 10:02:49 GMT" time="55.768" errors="0">
  <testcase name="login" time="55.768" classname="testCases.LoginPage"/>
</testsuite> <!-- testCases.LoginPage -->
