<?xml version="1.0" encoding="UTF-8"?>
<!-- Generated by org.testng.reporters.JUnitReportReporter -->
<testsuite hostname="CYBERWORLD-PC" name="testCases.ValidUsername" tests="1" failures="0" timestamp="1 Apr 2020 09:03:55 GMT" time="24.899" errors="0">
  <testcase name="test1" time="24.899" classname="testCases.ValidUsername"/>
</testsuite> <!-- testCases.ValidUsername -->
