<?xml version="1.0" encoding="UTF-8"?>
<!-- Generated by org.testng.reporters.JUnitReportReporter -->
<testsuite hostname="CYBERWORLD-PC" name="testCases.BothInvalid" tests="1" failures="0" timestamp="1 Apr 2020 09:03:54 GMT" time="22.356" errors="0">
  <testcase name="test1" time="22.356" classname="testCases.BothInvalid"/>
</testsuite> <!-- testCases.BothInvalid -->
