<?xml version="1.0" encoding="UTF-8"?>
<!-- Generated by org.testng.reporters.JUnitReportReporter -->
<testsuite hostname="CYBERWORLD-PC" name="testCases.LoginModel" tests="1" failures="0" timestamp="6 Apr 2020 07:14:42 GMT" time="26.994" errors="0">
  <testcase name="login" time="26.994" classname="testCases.LoginModel"/>
</testsuite> <!-- testCases.LoginModel -->
