<?xml version="1.0" encoding="UTF-8"?>
<!-- Generated by org.testng.reporters.JUnitReportReporter -->
<testsuite hostname="CYBERWORLD-PC" name="testCases.Fastest" tests="4" failures="0" timestamp="2 Apr 2020 08:52:07 GMT" time="107.624" errors="0">
  <testcase name="test1" time="23.189" classname="testCases.Fastest"/>
  <testcase name="test1" time="26.187" classname="testCases.Fastest"/>
  <testcase name="test1" time="25.975" classname="testCases.Fastest"/>
  <testcase name="test1" time="32.273" classname="testCases.Fastest"/>
</testsuite> <!-- testCases.Fastest -->
