<?xml version="1.0" encoding="UTF-8"?>
<!-- Generated by org.testng.reporters.JUnitReportReporter -->
<testsuite hostname="CYBERWORLD-PC" name="testCases.BothValid" tests="1" failures="0" timestamp="1 Apr 2020 09:03:55 GMT" time="22.206" errors="0">
  <testcase name="test1" time="22.206" classname="testCases.BothValid"/>
</testsuite> <!-- testCases.BothValid -->
