<?xml version="1.0" encoding="UTF-8"?>
<!-- Generated by org.testng.reporters.JUnitReportReporter -->
<testsuite hostname="CYBERWORLD-PC" name="leave.Leavereports" tests="1" failures="0" timestamp="11 May 2020 09:51:09 GMT" time="2.577" errors="0">
  <testcase name="leaveRep" time="2.577" classname="leave.Leavereports"/>
</testsuite> <!-- leave.Leavereports -->
