<?xml version="1.0" encoding="UTF-8"?>
<!-- Generated by org.testng.reporters.JUnitReportReporter -->
<testsuite hostname="CYBERWORLD-PC" name="admin.Nationality" tests="1" failures="0" timestamp="11 May 2020 09:51:09 GMT" time="1.368" errors="0">
  <testcase name="NatIcons" time="1.368" classname="admin.Nationality"/>
</testsuite> <!-- admin.Nationality -->
