<?xml version="1.0" encoding="UTF-8"?>
<!-- Generated by org.testng.reporters.JUnitReportReporter -->
<testsuite hostname="CYBERWORLD-PC" name="performance.Trackers" tests="1" failures="0" timestamp="11 May 2020 09:51:09 GMT" time="3.082" errors="0">
  <testcase name="trackers" time="3.082" classname="performance.Trackers"/>
</testsuite> <!-- performance.Trackers -->
