<?xml version="1.0" encoding="UTF-8"?>
<!-- Generated by org.testng.reporters.JUnitReportReporter -->
<testsuite hostname="CYBERWORLD-PC" name="admin.Qualification" tests="1" failures="0" timestamp="11 May 2020 09:51:09 GMT" time="1.516" errors="0">
  <testcase name="qualIcons" time="1.516" classname="admin.Qualification"/>
</testsuite> <!-- admin.Qualification -->
