<?xml version="1.0" encoding="UTF-8"?>
<!-- Generated by org.testng.reporters.JUnitReportReporter -->
<testsuite hostname="CYBERWORLD-PC" name="admin.Organization" tests="1" failures="0" timestamp="11 May 2020 09:51:09 GMT" time="4.513" errors="0">
  <testcase name="Organize" time="4.513" classname="admin.Organization"/>
</testsuite> <!-- admin.Organization -->
