<?xml version="1.0" encoding="UTF-8"?>
<!-- Generated by org.testng.reporters.JUnitReportReporter -->
<testsuite hostname="CYBERWORLD-PC" name="recruitment.Vacancies" tests="1" failures="0" timestamp="11 May 2020 09:51:09 GMT" time="6.394" errors="0">
  <testcase name="vacancies" time="6.394" classname="recruitment.Vacancies"/>
</testsuite> <!-- recruitment.Vacancies -->
