<?xml version="1.0" encoding="UTF-8"?>
<!-- Generated by org.testng.reporters.JUnitReportReporter -->
<testsuite hostname="CYBERWORLD-PC" name="login.Login" tests="1" failures="0" timestamp="11 May 2020 09:51:09 GMT" time="11.720" errors="0">
  <testcase name="login" time="11.720" classname="login.Login"/>
</testsuite> <!-- login.Login -->
