<?xml version="1.0" encoding="UTF-8"?>
<!-- Generated by org.testng.reporters.JUnitReportReporter -->
<testsuite hostname="CYBERWORLD-PC" name="admin.AddUser" tests="1" failures="0" timestamp="11 May 2020 09:51:09 GMT" time="10.931" errors="0">
  <testcase name="addUser" time="10.931" classname="admin.AddUser"/>
</testsuite> <!-- admin.AddUser -->
