<?xml version="1.0" encoding="UTF-8"?>
<!-- Generated by org.testng.reporters.JUnitReportReporter -->
<testsuite hostname="CYBERWORLD-PC" name="login.LoginAndImg" tests="1" failures="0" timestamp="1 May 2020 11:24:36 GMT" time="25.464" errors="0">
  <testcase name="intialize" time="25.464" classname="login.LoginAndImg"/>
</testsuite> <!-- login.LoginAndImg -->
