<?xml version="1.0" encoding="UTF-8"?>
<!-- Generated by org.testng.reporters.JUnitReportReporter -->
<testsuite hostname="CYBERWORLD-PC" name="login.LoginAndImg" tests="1" failures="0" timestamp="27 Apr 2020 09:21:55 GMT" time="24.041" errors="0">
  <testcase name="intialize" time="24.041" classname="login.LoginAndImg"/>
</testsuite> <!-- login.LoginAndImg -->
