<?xml version="1.0" encoding="UTF-8"?>
<!-- Generated by org.testng.reporters.JUnitReportReporter -->
<testsuite hostname="CYBERWORLD-PC" name="saturday.Guru99" tests="1" failures="0" timestamp="4 Apr 2020 10:34:31 GMT" time="28.961" errors="0">
  <testcase name="guruTest" time="28.961" classname="saturday.Guru99"/>
</testsuite> <!-- saturday.Guru99 -->
